<?xml version="1.0" encoding="UTF-8"?>
<!-- Generated by org.testng.reporters.JUnitReportReporter -->
<testsuite hostname="DESKTOP-95BEDQV" failures="0" tests="1" name="Runner.TestRunnerUsingPageObjectManager" time="18.522" errors="0" timestamp="2024-12-10T12:27:53 IST" skipped="0">
  <testcase classname="Runner.TestRunnerUsingPageObjectManager" name="validateLoginType2" time="18.522"/>
  <system-out/>
</testsuite> <!-- Runner.TestRunnerUsingPageObjectManager -->
