<?xml version="1.0" encoding="UTF-8"?>
<!-- Generated by org.testng.reporters.JUnitReportReporter -->
<testsuite hostname="DESKTOP-95BEDQV" failures="0" tests="1" name="Runner.TestRunner" time="9.834" errors="0" timestamp="2024-12-10T12:28:33 IST" skipped="0">
  <testcase classname="Runner.TestRunner" name="validateLoginType2" time="9.834"/>
  <system-out/>
</testsuite> <!-- Runner.TestRunner -->
