<?xml version="1.0" encoding="UTF-8"?>
<!-- Generated by org.testng.reporters.JUnitReportReporter -->
<testsuite hostname="DESKTOP-95BEDQV" failures="0" tests="1" name="Runner.TestRunner" time="12.037" errors="0" timestamp="2024-12-14T12:53:59 IST" skipped="0">
  <testcase classname="Runner.TestRunner" name="validateLoginwithValidCredentials" time="12.037"/>
</testsuite> <!-- Runner.TestRunner -->
