<?xml version="1.0" encoding="UTF-8"?>
<!-- Generated by org.testng.reporters.JUnitReportReporter -->
<testsuite hostname="DESKTOP-95BEDQV" failures="0" tests="1" name="DontUseExtentReport.Execution" time="9.723" errors="0" timestamp="2024-12-13T10:50:58 IST" skipped="0">
  <testcase classname="DontUseExtentReport.Execution" name="validateLoginwithValidCredentials" time="9.723"/>
</testsuite> <!-- DontUseExtentReport.Execution -->
