<?xml version="1.0" encoding="UTF-8"?>
<!-- Generated by org.testng.reporters.JUnitReportReporter -->
<testsuite hostname="DESKTOP-95BEDQV" failures="0" tests="1" name="Runner.TestRunnerUsingPageObjectManager" time="6.984" errors="0" timestamp="2024-12-10T18:29:48 IST" skipped="0">
  <testcase classname="Runner.TestRunnerUsingPageObjectManager" name="validateLoginType2" time="6.984"/>
  <system-out/>
</testsuite> <!-- Runner.TestRunnerUsingPageObjectManager -->
