<?xml version="1.0" encoding="UTF-8"?>
<!-- Generated by org.testng.reporters.JUnitReportReporter -->
<testsuite hostname="DESKTOP-95BEDQV" failures="0" tests="1" name="Runner.TestRunner" time="15.787" errors="0" timestamp="2024-12-10T13:30:59 IST" skipped="0">
  <testcase classname="Runner.TestRunner" name="validateLoginType2" time="15.787"/>
  <system-out/>
</testsuite> <!-- Runner.TestRunner -->
